<?xml version="1.0" encoding="UTF-8"?>
<testng-results skipped="0" failed="0" ignored="0" total="1" passed="1">
  <reporter-output>
  </reporter-output>
  <suite name="Command line suite" duration-ms="64" started-at="2018-09-09T06:47:41Z" finished-at="2018-09-09T06:47:41Z">
    <groups>
    </groups>
    <test name="Command line test" duration-ms="64" started-at="2018-09-09T06:47:41Z" finished-at="2018-09-09T06:47:41Z">
      <class name="Jenkins.com.jenkins.AppTest">
        <test-method status="PASS" signature="testApp()[pri:0, instance:testApp(Jenkins.com.jenkins.AppTest)]" name="testApp" duration-ms="4" started-at="2018-09-09T06:47:41Z" finished-at="2018-09-09T06:47:41Z">
          <reporter-output>
          </reporter-output>
        </test-method> <!-- testApp -->
      </class> <!-- Jenkins.com.jenkins.AppTest -->
    </test> <!-- Command line test -->
  </suite> <!-- Command line suite -->
</testng-results>
