<?xml version="1.0" encoding="UTF-8"?>
<!-- Generated by org.testng.reporters.JUnitXMLReporter -->
<testsuite hostname="LAPTOP-5FDQPO6H" ignored="0" name="Command line test" tests="15" failures="5" timestamp="09 Sep 2018 06:47:40 GMT" time="0.426" errors="0">
  <testcase name="TC_1" time="0.024" classname="Jenkins.com.jenkins.TestClass1"/>
  <testcase name="TC_2" time="0.0" classname="Jenkins.com.jenkins.TestClass1"/>
  <testcase name="TC_3" time="0.0" classname="Jenkins.com.jenkins.TestClass1"/>
  <testcase name="TC_4" time="0.0" classname="Jenkins.com.jenkins.TestClass1"/>
  <testcase name="TC_5" time="0.004" classname="Jenkins.com.jenkins.TestClass1">
    <failure type="java.lang.AssertionError" message="expected [true] but found [false]">
      <![CDATA[java.lang.AssertionError: expected [true] but found [false]
at Jenkins.com.jenkins.TestClass1.TC_5(TestClass1.java:31)
... Removed 39 stack frames]]>
    </failure>
  </testcase> <!-- TC_5 -->
  <testcase name="TC_1" time="0.0" classname="Jenkins.com.jenkins.TestClass2"/>
  <testcase name="TC_2" time="0.0" classname="Jenkins.com.jenkins.TestClass2"/>
  <testcase name="TC_3" time="0.0" classname="Jenkins.com.jenkins.TestClass2"/>
  <testcase name="TC_4" time="0.0" classname="Jenkins.com.jenkins.TestClass2">
    <failure type="java.lang.AssertionError" message="expected [true] but found [false]">
      <![CDATA[java.lang.AssertionError: expected [true] but found [false]
at Jenkins.com.jenkins.TestClass2.TC_4(TestClass2.java:26)
... Removed 39 stack frames]]>
    </failure>
  </testcase> <!-- TC_4 -->
  <testcase name="TC_5" time="0.004" classname="Jenkins.com.jenkins.TestClass2">
    <failure type="java.lang.AssertionError" message="expected [true] but found [false]">
      <![CDATA[java.lang.AssertionError: expected [true] but found [false]
at Jenkins.com.jenkins.TestClass2.TC_5(TestClass2.java:31)
... Removed 39 stack frames]]>
    </failure>
  </testcase> <!-- TC_5 -->
  <testcase name="TC_1" time="0.0" classname="Jenkins.com.jenkins.TestClass3">
    <failure type="java.lang.AssertionError" message="expected [true] but found [false]">
      <![CDATA[java.lang.AssertionError: expected [true] but found [false]
at Jenkins.com.jenkins.TestClass3.TC_1(TestClass3.java:10)
... Removed 39 stack frames]]>
    </failure>
  </testcase> <!-- TC_1 -->
  <testcase name="TC_2" time="0.0" classname="Jenkins.com.jenkins.TestClass3"/>
  <testcase name="TC_3" time="0.0" classname="Jenkins.com.jenkins.TestClass3"/>
  <testcase name="TC_4" time="0.0" classname="Jenkins.com.jenkins.TestClass3"/>
  <testcase name="TC_5" time="0.0" classname="Jenkins.com.jenkins.TestClass3">
    <failure type="java.lang.AssertionError" message="expected [true] but found [false]">
      <![CDATA[java.lang.AssertionError: expected [true] but found [false]
at Jenkins.com.jenkins.TestClass3.TC_5(TestClass3.java:31)
... Removed 39 stack frames]]>
    </failure>
  </testcase> <!-- TC_5 -->
</testsuite> <!-- Command line test -->
